Fri Aug 24 2018 09:05:12 GMT-0400 (Eastern Daylight Time): GET /
Fri Aug 24 2018 09:05:15 GMT-0400 (Eastern Daylight Time): GET /about
Fri Aug 24 2018 09:05:17 GMT-0400 (Eastern Daylight Time): GET /
Fri Aug 24 2018 09:28:23 GMT-0400 (Eastern Daylight Time): GET /about
Fri Aug 24 2018 09:28:25 GMT-0400 (Eastern Daylight Time): GET /about
Fri Aug 24 2018 09:28:26 GMT-0400 (Eastern Daylight Time): GET /
Wed Aug 29 2018 06:53:42 GMT-0400 (Eastern Daylight Time): GET /
Wed Aug 29 2018 06:53:43 GMT-0400 (Eastern Daylight Time): GET /favicon.ico
Wed Aug 29 2018 06:53:45 GMT-0400 (Eastern Daylight Time): GET /about
Wed Aug 29 2018 06:53:47 GMT-0400 (Eastern Daylight Time): GET /
Wed Aug 29 2018 06:53:49 GMT-0400 (Eastern Daylight Time): GET /about
Wed Aug 29 2018 06:53:53 GMT-0400 (Eastern Daylight Time): GET /
Wed Aug 29 2018 06:53:55 GMT-0400 (Eastern Daylight Time): GET /about
Wed Aug 29 2018 06:53:56 GMT-0400 (Eastern Daylight Time): GET /
Wed Aug 29 2018 06:59:03 GMT-0400 (Eastern Daylight Time): GET /bad
Wed Aug 29 2018 07:10:23 GMT-0400 (Eastern Daylight Time): GET /bad
Wed Aug 29 2018 07:15:08 GMT-0400 (Eastern Daylight Time): GET /help.html
Wed Aug 29 2018 07:15:15 GMT-0400 (Eastern Daylight Time): GET /
Wed Aug 29 2018 07:16:15 GMT-0400 (Eastern Daylight Time): GET /
Wed Aug 29 2018 07:16:23 GMT-0400 (Eastern Daylight Time): GET /home
Wed Aug 29 2018 07:16:47 GMT-0400 (Eastern Daylight Time): GET /about
Wed Aug 29 2018 07:17:11 GMT-0400 (Eastern Daylight Time): GET /bad
Wed Aug 29 2018 07:17:27 GMT-0400 (Eastern Daylight Time): GET /bad
Wed Aug 29 2018 07:18:08 GMT-0400 (Eastern Daylight Time): GET /help.html
Wed Aug 29 2018 07:19:37 GMT-0400 (Eastern Daylight Time): GET /help.html
Wed Aug 29 2018 07:19:42 GMT-0400 (Eastern Daylight Time): GET /help.html
Wed Aug 29 2018 07:19:47 GMT-0400 (Eastern Daylight Time): GET /
Wed Aug 29 2018 07:19:53 GMT-0400 (Eastern Daylight Time): GET /
Wed Aug 29 2018 07:21:01 GMT-0400 (Eastern Daylight Time): GET /
Wed Aug 29 2018 07:21:23 GMT-0400 (Eastern Daylight Time): GET /
Fri Aug 31 2018 19:33:43 GMT-0400 (EDT): GET /
Fri Aug 31 2018 19:33:45 GMT-0400 (EDT): GET /favicon.ico
Fri Aug 31 2018 19:33:52 GMT-0400 (EDT): GET /about
Fri Aug 31 2018 19:33:54 GMT-0400 (EDT): GET /projects
Fri Aug 31 2018 19:33:56 GMT-0400 (EDT): GET /about
Fri Aug 31 2018 19:33:57 GMT-0400 (EDT): GET /
Fri Aug 31 2018 19:33:58 GMT-0400 (EDT): GET /about
Fri Aug 31 2018 19:33:59 GMT-0400 (EDT): GET /projects
Fri Aug 31 2018 19:34:01 GMT-0400 (EDT): GET /about
Fri Aug 31 2018 19:34:03 GMT-0400 (EDT): GET /
Fri Aug 31 2018 19:34:07 GMT-0400 (EDT): GET /about
Fri Aug 31 2018 19:34:12 GMT-0400 (EDT): GET /
Fri Aug 31 2018 19:34:16 GMT-0400 (EDT): GET /about
Fri Aug 31 2018 19:34:17 GMT-0400 (EDT): GET /projects
Fri Aug 31 2018 19:34:20 GMT-0400 (EDT): GET /about
Fri Aug 31 2018 19:34:22 GMT-0400 (EDT): GET /projects
Fri Aug 31 2018 19:34:24 GMT-0400 (EDT): GET /about
Fri Aug 31 2018 19:34:25 GMT-0400 (EDT): GET /projects
Fri Aug 31 2018 19:34:25 GMT-0400 (EDT): GET /about
Fri Aug 31 2018 19:34:26 GMT-0400 (EDT): GET /
Fri Aug 31 2018 19:36:20 GMT-0400 (EDT): GET /feve
Fri Aug 31 2018 19:38:05 GMT-0400 (EDT): GET /help
Fri Aug 31 2018 19:38:11 GMT-0400 (EDT): GET /help.html
Fri Aug 31 2018 19:38:43 GMT-0400 (EDT): GET /projects
Fri Aug 31 2018 19:38:44 GMT-0400 (EDT): GET /about
Fri Aug 31 2018 19:38:45 GMT-0400 (EDT): GET /
Fri Aug 31 2018 19:38:45 GMT-0400 (EDT): GET /about
Fri Aug 31 2018 19:38:46 GMT-0400 (EDT): GET /projects
Fri Aug 31 2018 19:38:47 GMT-0400 (EDT): GET /about
Fri Aug 31 2018 19:38:48 GMT-0400 (EDT): GET /
Fri Aug 31 2018 19:38:48 GMT-0400 (EDT): GET /about
Fri Aug 31 2018 19:38:49 GMT-0400 (EDT): GET /projects
Fri Aug 31 2018 19:39:08 GMT-0400 (EDT): GET /about
Fri Aug 31 2018 19:39:09 GMT-0400 (EDT): GET /projects
Fri Aug 31 2018 19:39:10 GMT-0400 (EDT): GET /about
Fri Aug 31 2018 19:39:11 GMT-0400 (EDT): GET /
Fri Aug 31 2018 19:39:13 GMT-0400 (EDT): GET /projects
Fri Aug 31 2018 19:39:14 GMT-0400 (EDT): GET /about
Fri Aug 31 2018 19:39:15 GMT-0400 (EDT): GET /
Fri Aug 31 2018 19:39:17 GMT-0400 (EDT): GET /about
Fri Aug 31 2018 19:39:18 GMT-0400 (EDT): GET /projects
